<?xml version="1.0" encoding="UTF-8"?>
<!-- Generated by org.testng.reporters.JUnitReportReporter -->
<testsuite skipped="0" hostname="DESKTOP-4SKGL2L" name="parallel.ParallelRun" tests="5" failures="0" timestamp="08 Jan 2021 11:27:09 GMT" time="266.846" errors="0">
  <testcase name="runScenario" time="55.646" classname="parallel.ParallelRun"/>
  <testcase name="runScenario" time="55.905" classname="parallel.ParallelRun"/>
  <testcase name="runScenario" time="55.380" classname="parallel.ParallelRun"/>
  <testcase name="runScenario" time="55.234" classname="parallel.ParallelRun"/>
  <testcase name="runScenario" time="44.681" classname="parallel.ParallelRun"/>
</testsuite> <!-- parallel.ParallelRun -->
