<?xml version="1.0" encoding="UTF-8"?>
<!-- Generated by org.testng.reporters.JUnitReportReporter -->
<testsuite skipped="0" hostname="DESKTOP-4SKGL2L" name="parallel.ParallelRun" tests="5" failures="0" timestamp="08 Jan 2021 12:10:18 GMT" time="254.556" errors="0">
  <testcase name="runScenario" time="53.358" classname="parallel.ParallelRun"/>
  <testcase name="runScenario" time="47.372" classname="parallel.ParallelRun"/>
  <testcase name="runScenario" time="53.529" classname="parallel.ParallelRun"/>
  <testcase name="runScenario" time="53.313" classname="parallel.ParallelRun"/>
  <testcase name="runScenario" time="46.984" classname="parallel.ParallelRun"/>
</testsuite> <!-- parallel.ParallelRun -->
