<?xml version="1.0" encoding="UTF-8"?>
<!-- Generated by org.testng.reporters.JUnitReportReporter -->
<testsuite skipped="0" hostname="DESKTOP-4SKGL2L" name="parallel.ParallelRun" tests="5" failures="0" timestamp="08 Jan 2021 12:23:09 GMT" time="464.252" errors="0">
  <testcase name="runScenario" time="94.420" classname="parallel.ParallelRun"/>
  <testcase name="runScenario" time="92.689" classname="parallel.ParallelRun"/>
  <testcase name="runScenario" time="92.341" classname="parallel.ParallelRun"/>
  <testcase name="runScenario" time="93.159" classname="parallel.ParallelRun"/>
  <testcase name="runScenario" time="91.643" classname="parallel.ParallelRun"/>
</testsuite> <!-- parallel.ParallelRun -->
